{
  "RSpec": {
    "coverage": {
      "/root/krd-practice/RubyLessons/Lesson8/labs_reports/spec/support/devise.rb": {
        "lines": [
          1,
          1,
          null,
          null
        ]
      },
      "/root/krd-practice/RubyLessons/Lesson8/labs_reports/spec/support/factory_bot.rb": {
        "lines": [
          1,
          1,
          null
        ]
      },
      "/root/krd-practice/RubyLessons/Lesson8/labs_reports/app/controllers/labs_controller.rb": {
        "lines": [
          1,
          1,
          1,
          null,
          1,
          1,
          null,
          null,
          1,
          1,
          1,
          null,
          null,
          null,
          null,
          null,
          1,
          0,
          null,
          null,
          1,
          4,
          4,
          2,
          null,
          2,
          null,
          null,
          null,
          1,
          null,
          1,
          2,
          1,
          null,
          1,
          null,
          null,
          null,
          1,
          null,
          1,
          4,
          null,
          null,
          1,
          4,
          null,
          null,
          1,
          2,
          null,
          null
        ]
      },
      "/root/krd-practice/RubyLessons/Lesson8/labs_reports/app/controllers/application_controller.rb": {
        "lines": [
          1,
          1,
          null,
          1,
          0,
          0,
          null,
          null,
          1,
          1,
          1,
          null,
          null,
          1,
          null,
          1,
          1,
          null,
          null,
          1,
          null,
          1,
          0,
          null,
          null
        ]
      },
      "/root/krd-practice/RubyLessons/Lesson8/labs_reports/spec/models/lab_spec.rb": {
        "lines": [
          1,
          null,
          1,
          8,
          null,
          1,
          1,
          1,
          1,
          null,
          null,
          1,
          1,
          1,
          null,
          null,
          1,
          1,
          1,
          null,
          null,
          1,
          1,
          1,
          null,
          null,
          1,
          1,
          1,
          null,
          null,
          1,
          1,
          1,
          null,
          null,
          1,
          1,
          1,
          null,
          null,
          1,
          1,
          1,
          null,
          null,
          null,
          1,
          1,
          1,
          1,
          null,
          null,
          null
        ]
      },
      "/root/krd-practice/RubyLessons/Lesson8/labs_reports/app/models/lab.rb": {
        "lines": [
          1,
          1,
          null,
          1,
          null,
          1,
          1,
          1,
          null
        ]
      }
    },
    "timestamp": 1694975938
  }
}
