{
  "RSpec": {
    "coverage": {
      "/root/krd-practice/RubyLessons/Lesson3/Tasks/task3_2.rb": {
        "lines": [
          null,
          null,
          null,
          null,
          null,
          null,
          null,
          1,
          7,
          7,
          null,
          null,
          1,
          3,
          3,
          3,
          null,
          null,
          1,
          4,
          null,
          null,
          1,
          1
        ]
      }
    },
    "timestamp": 1691917444
  }
}
